<?xml version="1.0" encoding="UTF-8"?>
<!-- Generated by org.testng.reporters.JUnitXMLReporter -->
<testsuite ignored="0" hostname="DESKTOP-VV3J5LT" failures="1" tests="2" name="BookingTest" time="0.306" errors="0" timestamp="18 Nov 2019 06:44:37 GMT">
  <testcase classname="bookingTesting.HomePage" name="@BeforeTest initialze" time="0.047">
    <failure type="java.lang.NullPointerException">
      <![CDATA[java.lang.NullPointerException
at resources.base.initializeDriver(base.java:75)
at bookingTesting.HomePage.initialze(HomePage.java:27)
at java.base/java.util.concurrent.FutureTask.run(FutureTask.java:264)
at java.base/java.util.concurrent.ThreadPoolExecutor.runWorker(ThreadPoolExecutor.java:1128)
at java.base/java.util.concurrent.ThreadPoolExecutor$Worker.run(ThreadPoolExecutor.java:628)
at java.base/java.lang.Thread.run(Thread.java:834)
... Removed 15 stack frames]]>
    </failure>
  </testcase> <!-- @BeforeTest initialze -->
  <testcase classname="bookingTesting.HomePage" name="@AfterTest endSession" time="0.0">
    <skipped/>
  </testcase> <!-- @AfterTest endSession -->
  <testcase classname="bookingTesting.userAccount" name="@AfterTest endSession" time="0.0">
    <failure type="java.lang.NullPointerException">
      <![CDATA[java.lang.NullPointerException
at bookingTesting.userAccount.endSession(userAccount.java:56)
at java.base/java.util.concurrent.FutureTask.run(FutureTask.java:264)
at java.base/java.util.concurrent.ThreadPoolExecutor.runWorker(ThreadPoolExecutor.java:1128)
at java.base/java.util.concurrent.ThreadPoolExecutor$Worker.run(ThreadPoolExecutor.java:628)
at java.base/java.lang.Thread.run(Thread.java:834)
... Removed 15 stack frames]]>
    </failure>
  </testcase> <!-- @AfterTest endSession -->
  <testcase classname="bookingTesting.HomePage" name="PageTest" time="0.0">
    <skipped/>
  </testcase> <!-- PageTest -->
  <testcase classname="bookingTesting.HomePage" name="PageTest" time="0.203">
    <failure type="java.lang.NullPointerException">
      <![CDATA[java.lang.NullPointerException
at listeners.listener.onTestSkipped(listener.java:125)
at java.base/java.util.concurrent.FutureTask.run(FutureTask.java:264)
at java.base/java.util.concurrent.ThreadPoolExecutor.runWorker(ThreadPoolExecutor.java:1128)
at java.base/java.util.concurrent.ThreadPoolExecutor$Worker.run(ThreadPoolExecutor.java:628)
at java.base/java.lang.Thread.run(Thread.java:834)
... Removed 14 stack frames]]>
    </failure>
  </testcase> <!-- PageTest -->
</testsuite> <!-- BookingTest -->
