<?xml version="1.0" encoding="UTF-8"?>
<testsuite xmlns:xsi="http://www.w3.org/2001/XMLSchema-instance" xsi:noNamespaceSchemaLocation="https://maven.apache.org/surefire/maven-surefire-plugin/xsd/surefire-test-report-3.0.xsd" version="3.0" name="TestSuite" time="7.46" tests="6" errors="0" skipped="4" failures="2">
  <properties>
[...]
</properties>
  <testcase name="initializeStart" classname="bookingTesting.userAccount" time="5.732">
    <failure message="session not created: This version of ChromeDriver only supports Chrome version 78&#10;Build info: version: &apos;3.141.59&apos;, revision: &apos;e82be7d358&apos;, time: &apos;2018-11-14T08:17:03&apos;&#10;System info: host: &apos;DESKTOP-VV3J5LT&apos;, ip: &apos;172.20.10.8&apos;, os.name: &apos;Windows 10&apos;, os.arch: &apos;amd64&apos;, os.version: &apos;10.0&apos;, java.version: &apos;11.0.3&apos;&#10;Driver info: driver.version: ChromeDriver&#10;remote stacktrace: Backtrace:&#10;	Ordinal0 [0x0100A923+1550627]&#10;	Ordinal0 [0x00F8A731+1025841]&#10;	Ordinal0 [0x00F0C715+509717]&#10;	Ordinal0 [0x00E9FC68+64616]&#10;	Ordinal0 [0x00E9C594+50580]&#10;	Ordinal0 [0x00EBACE7+175335]&#10;	Ordinal0 [0x00EBA8ED+174317]&#10;	Ordinal0 [0x00EB8CDB+167131]&#10;	Ordinal0 [0x00EA144A+70730]&#10;	Ordinal0 [0x00EA24D0+74960]&#10;	Ordinal0 [0x00EA2469+74857]&#10;	Ordinal0 [0x00FA42F7+1131255]&#10;	GetHandleVerifier [0x010A711D+523789]&#10;	GetHandleVerifier [0x010A6EB0+523168]&#10;	GetHandleVerifier [0x010AE207+552695]&#10;	GetHandleVerifier [0x010A791A+525834]&#10;	Ordinal0 [0x00F9B82C+1095724]&#10;	Ordinal0 [0x00FA636B+1139563]&#10;	Ordinal0 [0x00FA64D3+1139923]&#10;	Ordinal0 [0x00FA5455+1135701]&#10;	BaseThreadInitThunk [0x766F6359+25]&#10;	RtlGetAppContainerNamedObjectPath [0x776E7B74+228]&#10;	RtlGetAppContainerNamedObjectPath [0x776E7B44+180]&#10;" type="org.openqa.selenium.SessionNotCreatedException">org.openqa.selenium.SessionNotCreatedException: 
session not created: This version of ChromeDriver only supports Chrome version 78
Build info: version: '3.141.59', revision: 'e82be7d358', time: '2018-11-14T08:17:03'
System info: host: 'DESKTOP-VV3J5LT', ip: '172.20.10.8', os.name: 'Windows 10', os.arch: 'amd64', os.version: '10.0', java.version: '11.0.3'
Driver info: driver.version: ChromeDriver
remote stacktrace: Backtrace:
	Ordinal0 [0x0100A923+1550627]
	Ordinal0 [0x00F8A731+1025841]
	Ordinal0 [0x00F0C715+509717]
	Ordinal0 [0x00E9FC68+64616]
	Ordinal0 [0x00E9C594+50580]
	Ordinal0 [0x00EBACE7+175335]
	Ordinal0 [0x00EBA8ED+174317]
	Ordinal0 [0x00EB8CDB+167131]
	Ordinal0 [0x00EA144A+70730]
	Ordinal0 [0x00EA24D0+74960]
	Ordinal0 [0x00EA2469+74857]
	Ordinal0 [0x00FA42F7+1131255]
	GetHandleVerifier [0x010A711D+523789]
	GetHandleVerifier [0x010A6EB0+523168]
	GetHandleVerifier [0x010AE207+552695]
	GetHandleVerifier [0x010A791A+525834]
	Ordinal0 [0x00F9B82C+1095724]
	Ordinal0 [0x00FA636B+1139563]
	Ordinal0 [0x00FA64D3+1139923]
	Ordinal0 [0x00FA5455+1135701]
	BaseThreadInitThunk [0x766F6359+25]
	RtlGetAppContainerNamedObjectPath [0x776E7B74+228]
	RtlGetAppContainerNamedObjectPath [0x776E7B44+180]

	at bookingTesting.userAccount.initializeStart(userAccount.java:22)
</failure>
    <system-out><![CDATA[*** Test Suite maiRU Test started ***
*** Test Suite BookingTest started ***
]]></system-out>
    <system-err><![CDATA[Starting ChromeDriver 78.0.3904.105 (60e2d8774a8151efa6a00b1f358371b1e0e07ee2-refs/branch-heads/3904@{#877}) on port 4502
Only local connections are allowed.
Please protect ports used by ChromeDriver and related test frameworks to prevent access by malicious code.
Starting ChromeDriver 78.0.3904.105 (60e2d8774a8151efa6a00b1f358371b1e0e07ee2-refs/branch-heads/3904@{#877}) on port 22110
Only local connections are allowed.
Please protect ports used by ChromeDriver and related test frameworks to prevent access by malicious code.
]]></system-err>
  </testcase>
  <testcase name="userTest" classname="bookingTesting.userAccount" time="0">
    <skipped message="session not created: This version of ChromeDriver only supports Chrome version 78&#10;Build info: version: &apos;3.141.59&apos;, revision: &apos;e82be7d358&apos;, time: &apos;2018-11-14T08:17:03&apos;&#10;System info: host: &apos;DESKTOP-VV3J5LT&apos;, ip: &apos;172.20.10.8&apos;, os.name: &apos;Windows 10&apos;, os.arch: &apos;amd64&apos;, os.version: &apos;10.0&apos;, java.version: &apos;11.0.3&apos;&#10;Driver info: driver.version: ChromeDriver&#10;remote stacktrace: Backtrace:&#10;	Ordinal0 [0x0100A923+1550627]&#10;	Ordinal0 [0x00F8A731+1025841]&#10;	Ordinal0 [0x00F0C715+509717]&#10;	Ordinal0 [0x00E9FC68+64616]&#10;	Ordinal0 [0x00E9C594+50580]&#10;	Ordinal0 [0x00EBACE7+175335]&#10;	Ordinal0 [0x00EBA8ED+174317]&#10;	Ordinal0 [0x00EB8CDB+167131]&#10;	Ordinal0 [0x00EA144A+70730]&#10;	Ordinal0 [0x00EA24D0+74960]&#10;	Ordinal0 [0x00EA2469+74857]&#10;	Ordinal0 [0x00FA42F7+1131255]&#10;	GetHandleVerifier [0x010A711D+523789]&#10;	GetHandleVerifier [0x010A6EB0+523168]&#10;	GetHandleVerifier [0x010AE207+552695]&#10;	GetHandleVerifier [0x010A791A+525834]&#10;	Ordinal0 [0x00F9B82C+1095724]&#10;	Ordinal0 [0x00FA636B+1139563]&#10;	Ordinal0 [0x00FA64D3+1139923]&#10;	Ordinal0 [0x00FA5455+1135701]&#10;	BaseThreadInitThunk [0x766F6359+25]&#10;	RtlGetAppContainerNamedObjectPath [0x776E7B74+228]&#10;	RtlGetAppContainerNamedObjectPath [0x776E7B44+180]&#10;"/>
    <system-out><![CDATA[Directory already exists: C:\Users\Timur\fullFramework\TestReport
]]></system-out>
  </testcase>
  <testcase name="endSession" classname="bookingTesting.userAccount" time="0">
    <skipped/>
  </testcase>
  <testcase name="initialize" classname="bookingTesting.HomePage" time="0.111">
    <failure message="session not created: This version of ChromeDriver only supports Chrome version 78&#10;Build info: version: &apos;3.141.59&apos;, revision: &apos;e82be7d358&apos;, time: &apos;2018-11-14T08:17:03&apos;&#10;System info: host: &apos;DESKTOP-VV3J5LT&apos;, ip: &apos;172.20.10.8&apos;, os.name: &apos;Windows 10&apos;, os.arch: &apos;amd64&apos;, os.version: &apos;10.0&apos;, java.version: &apos;11.0.3&apos;&#10;Driver info: driver.version: ChromeDriver&#10;remote stacktrace: Backtrace:&#10;	Ordinal0 [0x0100A923+1550627]&#10;	Ordinal0 [0x00F8A731+1025841]&#10;	Ordinal0 [0x00F0C715+509717]&#10;	Ordinal0 [0x00E9FC68+64616]&#10;	Ordinal0 [0x00E9C594+50580]&#10;	Ordinal0 [0x00EBACE7+175335]&#10;	Ordinal0 [0x00EBA8ED+174317]&#10;	Ordinal0 [0x00EB8CDB+167131]&#10;	Ordinal0 [0x00EA144A+70730]&#10;	Ordinal0 [0x00EA24D0+74960]&#10;	Ordinal0 [0x00EA2469+74857]&#10;	Ordinal0 [0x00FA42F7+1131255]&#10;	GetHandleVerifier [0x010A711D+523789]&#10;	GetHandleVerifier [0x010A6EB0+523168]&#10;	GetHandleVerifier [0x010AE207+552695]&#10;	GetHandleVerifier [0x010A791A+525834]&#10;	Ordinal0 [0x00F9B82C+1095724]&#10;	Ordinal0 [0x00FA636B+1139563]&#10;	Ordinal0 [0x00FA64D3+1139923]&#10;	Ordinal0 [0x00FA5455+1135701]&#10;	BaseThreadInitThunk [0x766F6359+25]&#10;	RtlGetAppContainerNamedObjectPath [0x776E7B74+228]&#10;	RtlGetAppContainerNamedObjectPath [0x776E7B44+180]&#10;" type="org.openqa.selenium.SessionNotCreatedException">org.openqa.selenium.SessionNotCreatedException: 
session not created: This version of ChromeDriver only supports Chrome version 78
Build info: version: '3.141.59', revision: 'e82be7d358', time: '2018-11-14T08:17:03'
System info: host: 'DESKTOP-VV3J5LT', ip: '172.20.10.8', os.name: 'Windows 10', os.arch: 'amd64', os.version: '10.0', java.version: '11.0.3'
Driver info: driver.version: ChromeDriver
remote stacktrace: Backtrace:
	Ordinal0 [0x0100A923+1550627]
	Ordinal0 [0x00F8A731+1025841]
	Ordinal0 [0x00F0C715+509717]
	Ordinal0 [0x00E9FC68+64616]
	Ordinal0 [0x00E9C594+50580]
	Ordinal0 [0x00EBACE7+175335]
	Ordinal0 [0x00EBA8ED+174317]
	Ordinal0 [0x00EB8CDB+167131]
	Ordinal0 [0x00EA144A+70730]
	Ordinal0 [0x00EA24D0+74960]
	Ordinal0 [0x00EA2469+74857]
	Ordinal0 [0x00FA42F7+1131255]
	GetHandleVerifier [0x010A711D+523789]
	GetHandleVerifier [0x010A6EB0+523168]
	GetHandleVerifier [0x010AE207+552695]
	GetHandleVerifier [0x010A791A+525834]
	Ordinal0 [0x00F9B82C+1095724]
	Ordinal0 [0x00FA636B+1139563]
	Ordinal0 [0x00FA64D3+1139923]
	Ordinal0 [0x00FA5455+1135701]
	BaseThreadInitThunk [0x766F6359+25]
	RtlGetAppContainerNamedObjectPath [0x776E7B74+228]
	RtlGetAppContainerNamedObjectPath [0x776E7B44+180]

	at bookingTesting.HomePage.initialize(HomePage.java:27)
</failure>
  </testcase>
  <testcase name="PageTest" classname="bookingTesting.HomePage" time="0">
    <skipped message="session not created: This version of ChromeDriver only supports Chrome version 78&#10;Build info: version: &apos;3.141.59&apos;, revision: &apos;e82be7d358&apos;, time: &apos;2018-11-14T08:17:03&apos;&#10;System info: host: &apos;DESKTOP-VV3J5LT&apos;, ip: &apos;172.20.10.8&apos;, os.name: &apos;Windows 10&apos;, os.arch: &apos;amd64&apos;, os.version: &apos;10.0&apos;, java.version: &apos;11.0.3&apos;&#10;Driver info: driver.version: ChromeDriver&#10;remote stacktrace: Backtrace:&#10;	Ordinal0 [0x0100A923+1550627]&#10;	Ordinal0 [0x00F8A731+1025841]&#10;	Ordinal0 [0x00F0C715+509717]&#10;	Ordinal0 [0x00E9FC68+64616]&#10;	Ordinal0 [0x00E9C594+50580]&#10;	Ordinal0 [0x00EBACE7+175335]&#10;	Ordinal0 [0x00EBA8ED+174317]&#10;	Ordinal0 [0x00EB8CDB+167131]&#10;	Ordinal0 [0x00EA144A+70730]&#10;	Ordinal0 [0x00EA24D0+74960]&#10;	Ordinal0 [0x00EA2469+74857]&#10;	Ordinal0 [0x00FA42F7+1131255]&#10;	GetHandleVerifier [0x010A711D+523789]&#10;	GetHandleVerifier [0x010A6EB0+523168]&#10;	GetHandleVerifier [0x010AE207+552695]&#10;	GetHandleVerifier [0x010A791A+525834]&#10;	Ordinal0 [0x00F9B82C+1095724]&#10;	Ordinal0 [0x00FA636B+1139563]&#10;	Ordinal0 [0x00FA64D3+1139923]&#10;	Ordinal0 [0x00FA5455+1135701]&#10;	BaseThreadInitThunk [0x766F6359+25]&#10;	RtlGetAppContainerNamedObjectPath [0x776E7B74+228]&#10;	RtlGetAppContainerNamedObjectPath [0x776E7B44+180]&#10;"/>
  </testcase>
  <testcase name="endSession" classname="bookingTesting.HomePage" time="0">
    <skipped/>
  </testcase>
</testsuite>